2025-05-14 09:32:13,403 - INFO - Processing file: pdfs/001_044l_S1Praevention-Therapie-systemischen-Lokalanaesthetika-Intoxikation-LAST_2025-01-abgelaufen.pdf
2025-05-14 09:32:13,403 - INFO - Processing file: pdfs/001_044l_S1Praevention-Therapie-systemischen-Lokalanaesthetika-Intoxikation-LAST_2025-01-abgelaufen.pdf
2025-05-14 09:32:13,403 - INFO - Processing file: pdfs/001_044l_S1Praevention-Therapie-systemischen-Lokalanaesthetika-Intoxikation-LAST_2025-01-abgelaufen.pdf
2025-05-14 09:32:13,403 - INFO - Processing file: pdfs/001_044l_S1Praevention-Therapie-systemischen-Lokalanaesthetika-Intoxikation-LAST_2025-01-abgelaufen.pdf
2025-05-14 09:32:13,403 - INFO - Processing file: pdfs/001_044l_S1Praevention-Therapie-systemischen-Lokalanaesthetika-Intoxikation-LAST_2025-01-abgelaufen.pdf
2025-05-14 09:32:13,407 - INFO - [001_044l_S1Praevention-Therapie-systemischen-Lokalanaesthetika-Intoxikation-LAST_2025-01-abgelaufen.pdf] chunking…
2025-05-14 09:32:13,407 - INFO - [001_044l_S1Praevention-Therapie-systemischen-Lokalanaesthetika-Intoxikation-LAST_2025-01-abgelaufen.pdf] chunking…
2025-05-14 09:32:13,407 - INFO - [001_044l_S1Praevention-Therapie-systemischen-Lokalanaesthetika-Intoxikation-LAST_2025-01-abgelaufen.pdf] chunking…
2025-05-14 09:32:13,407 - INFO - [001_044l_S1Praevention-Therapie-systemischen-Lokalanaesthetika-Intoxikation-LAST_2025-01-abgelaufen.pdf] chunking…
2025-05-14 09:32:13,407 - INFO - [001_044l_S1Praevention-Therapie-systemischen-Lokalanaesthetika-Intoxikation-LAST_2025-01-abgelaufen.pdf] chunking…
2025-05-14 09:33:19,608 - INFO - [001_044l_S1Praevention-Therapie-systemischen-Lokalanaesthetika-Intoxikation-LAST_2025-01-abgelaufen.pdf] Found 41 chunks.
2025-05-14 09:33:19,608 - INFO - [001_044l_S1Praevention-Therapie-systemischen-Lokalanaesthetika-Intoxikation-LAST_2025-01-abgelaufen.pdf] Found 41 chunks.
2025-05-14 09:33:19,608 - INFO - [001_044l_S1Praevention-Therapie-systemischen-Lokalanaesthetika-Intoxikation-LAST_2025-01-abgelaufen.pdf] Found 41 chunks.
2025-05-14 09:33:19,608 - INFO - [001_044l_S1Praevention-Therapie-systemischen-Lokalanaesthetika-Intoxikation-LAST_2025-01-abgelaufen.pdf] Found 41 chunks.
2025-05-14 09:33:19,608 - INFO - [001_044l_S1Praevention-Therapie-systemischen-Lokalanaesthetika-Intoxikation-LAST_2025-01-abgelaufen.pdf] Found 41 chunks.
2025-05-14 09:35:41,161 - INFO - Getting image descriptions
2025-05-14 09:35:41,161 - INFO - Getting image descriptions
2025-05-14 09:35:41,161 - INFO - Getting image descriptions
2025-05-14 09:35:41,161 - INFO - Getting image descriptions
2025-05-14 09:35:41,161 - INFO - Getting image descriptions
2025-05-14 09:35:56,408 - INFO - Processing file: pdfs/001_044l_S1Praevention-Therapie-systemischen-Lokalanaesthetika-Intoxikation-LAST_2025-01-abgelaufen.pdf
2025-05-14 09:35:56,408 - INFO - Processing file: pdfs/001_044l_S1Praevention-Therapie-systemischen-Lokalanaesthetika-Intoxikation-LAST_2025-01-abgelaufen.pdf
2025-05-14 09:35:56,408 - INFO - Processing file: pdfs/001_044l_S1Praevention-Therapie-systemischen-Lokalanaesthetika-Intoxikation-LAST_2025-01-abgelaufen.pdf
2025-05-14 09:35:56,408 - INFO - Processing file: pdfs/001_044l_S1Praevention-Therapie-systemischen-Lokalanaesthetika-Intoxikation-LAST_2025-01-abgelaufen.pdf
2025-05-14 09:35:56,408 - INFO - Processing file: pdfs/001_044l_S1Praevention-Therapie-systemischen-Lokalanaesthetika-Intoxikation-LAST_2025-01-abgelaufen.pdf
2025-05-14 09:35:56,412 - INFO - [001_044l_S1Praevention-Therapie-systemischen-Lokalanaesthetika-Intoxikation-LAST_2025-01-abgelaufen.pdf] chunking…
2025-05-14 09:35:56,412 - INFO - [001_044l_S1Praevention-Therapie-systemischen-Lokalanaesthetika-Intoxikation-LAST_2025-01-abgelaufen.pdf] chunking…
2025-05-14 09:35:56,412 - INFO - [001_044l_S1Praevention-Therapie-systemischen-Lokalanaesthetika-Intoxikation-LAST_2025-01-abgelaufen.pdf] chunking…
2025-05-14 09:35:56,412 - INFO - [001_044l_S1Praevention-Therapie-systemischen-Lokalanaesthetika-Intoxikation-LAST_2025-01-abgelaufen.pdf] chunking…
2025-05-14 09:35:56,412 - INFO - [001_044l_S1Praevention-Therapie-systemischen-Lokalanaesthetika-Intoxikation-LAST_2025-01-abgelaufen.pdf] chunking…
2025-05-14 09:36:59,701 - INFO - [001_044l_S1Praevention-Therapie-systemischen-Lokalanaesthetika-Intoxikation-LAST_2025-01-abgelaufen.pdf] Found 41 chunks.
2025-05-14 09:36:59,701 - INFO - [001_044l_S1Praevention-Therapie-systemischen-Lokalanaesthetika-Intoxikation-LAST_2025-01-abgelaufen.pdf] Found 41 chunks.
2025-05-14 09:36:59,701 - INFO - [001_044l_S1Praevention-Therapie-systemischen-Lokalanaesthetika-Intoxikation-LAST_2025-01-abgelaufen.pdf] Found 41 chunks.
2025-05-14 09:36:59,701 - INFO - [001_044l_S1Praevention-Therapie-systemischen-Lokalanaesthetika-Intoxikation-LAST_2025-01-abgelaufen.pdf] Found 41 chunks.
2025-05-14 09:36:59,701 - INFO - [001_044l_S1Praevention-Therapie-systemischen-Lokalanaesthetika-Intoxikation-LAST_2025-01-abgelaufen.pdf] Found 41 chunks.
2025-05-14 09:36:59,705 - INFO - Getting image descriptions
2025-05-14 09:36:59,705 - INFO - Getting image descriptions
2025-05-14 09:36:59,705 - INFO - Getting image descriptions
2025-05-14 09:36:59,705 - INFO - Getting image descriptions
2025-05-14 09:36:59,705 - INFO - Getting image descriptions
2025-05-14 09:37:25,350 - WARNING - Image description batch 0-2 failed: RetryError[<Future at 0x33d1a0af0 state=finished raised KeyError>]
2025-05-14 09:37:25,350 - WARNING - Image description batch 0-2 failed: RetryError[<Future at 0x33d1a0af0 state=finished raised KeyError>]
2025-05-14 09:37:25,350 - WARNING - Image description batch 0-2 failed: RetryError[<Future at 0x33d1a0af0 state=finished raised KeyError>]
2025-05-14 09:37:25,350 - WARNING - Image description batch 0-2 failed: RetryError[<Future at 0x33d1a0af0 state=finished raised KeyError>]
2025-05-14 09:37:25,350 - WARNING - Image description batch 0-2 failed: RetryError[<Future at 0x33d1a0af0 state=finished raised KeyError>]
2025-05-14 09:37:25,357 - INFO - Saving 3 image descriptions to the database
2025-05-14 09:37:25,357 - INFO - Saving 3 image descriptions to the database
2025-05-14 09:37:25,357 - INFO - Saving 3 image descriptions to the database
2025-05-14 09:37:25,357 - INFO - Saving 3 image descriptions to the database
2025-05-14 09:37:25,357 - INFO - Saving 3 image descriptions to the database
2025-05-14 09:41:10,380 - INFO - Processing file: pdfs/001_044l_S1Praevention-Therapie-systemischen-Lokalanaesthetika-Intoxikation-LAST_2025-01-abgelaufen.pdf
2025-05-14 09:41:10,380 - INFO - Processing file: pdfs/001_044l_S1Praevention-Therapie-systemischen-Lokalanaesthetika-Intoxikation-LAST_2025-01-abgelaufen.pdf
2025-05-14 09:41:10,380 - INFO - Processing file: pdfs/001_044l_S1Praevention-Therapie-systemischen-Lokalanaesthetika-Intoxikation-LAST_2025-01-abgelaufen.pdf
2025-05-14 09:41:10,380 - INFO - Processing file: pdfs/001_044l_S1Praevention-Therapie-systemischen-Lokalanaesthetika-Intoxikation-LAST_2025-01-abgelaufen.pdf
2025-05-14 09:41:10,380 - INFO - Processing file: pdfs/001_044l_S1Praevention-Therapie-systemischen-Lokalanaesthetika-Intoxikation-LAST_2025-01-abgelaufen.pdf
2025-05-14 09:41:10,384 - INFO - [001_044l_S1Praevention-Therapie-systemischen-Lokalanaesthetika-Intoxikation-LAST_2025-01-abgelaufen.pdf] chunking…
2025-05-14 09:41:10,384 - INFO - [001_044l_S1Praevention-Therapie-systemischen-Lokalanaesthetika-Intoxikation-LAST_2025-01-abgelaufen.pdf] chunking…
2025-05-14 09:41:10,384 - INFO - [001_044l_S1Praevention-Therapie-systemischen-Lokalanaesthetika-Intoxikation-LAST_2025-01-abgelaufen.pdf] chunking…
2025-05-14 09:41:10,384 - INFO - [001_044l_S1Praevention-Therapie-systemischen-Lokalanaesthetika-Intoxikation-LAST_2025-01-abgelaufen.pdf] chunking…
2025-05-14 09:41:10,384 - INFO - [001_044l_S1Praevention-Therapie-systemischen-Lokalanaesthetika-Intoxikation-LAST_2025-01-abgelaufen.pdf] chunking…
2025-05-14 09:42:12,952 - INFO - [001_044l_S1Praevention-Therapie-systemischen-Lokalanaesthetika-Intoxikation-LAST_2025-01-abgelaufen.pdf] Found 41 chunks.
2025-05-14 09:42:12,952 - INFO - [001_044l_S1Praevention-Therapie-systemischen-Lokalanaesthetika-Intoxikation-LAST_2025-01-abgelaufen.pdf] Found 41 chunks.
2025-05-14 09:42:12,952 - INFO - [001_044l_S1Praevention-Therapie-systemischen-Lokalanaesthetika-Intoxikation-LAST_2025-01-abgelaufen.pdf] Found 41 chunks.
2025-05-14 09:42:12,952 - INFO - [001_044l_S1Praevention-Therapie-systemischen-Lokalanaesthetika-Intoxikation-LAST_2025-01-abgelaufen.pdf] Found 41 chunks.
2025-05-14 09:42:12,952 - INFO - [001_044l_S1Praevention-Therapie-systemischen-Lokalanaesthetika-Intoxikation-LAST_2025-01-abgelaufen.pdf] Found 41 chunks.
2025-05-14 09:42:35,974 - INFO - Processing file: pdfs/001_044l_S1Praevention-Therapie-systemischen-Lokalanaesthetika-Intoxikation-LAST_2025-01-abgelaufen.pdf
2025-05-14 09:42:35,974 - INFO - Processing file: pdfs/001_044l_S1Praevention-Therapie-systemischen-Lokalanaesthetika-Intoxikation-LAST_2025-01-abgelaufen.pdf
2025-05-14 09:42:35,974 - INFO - Processing file: pdfs/001_044l_S1Praevention-Therapie-systemischen-Lokalanaesthetika-Intoxikation-LAST_2025-01-abgelaufen.pdf
2025-05-14 09:42:35,974 - INFO - Processing file: pdfs/001_044l_S1Praevention-Therapie-systemischen-Lokalanaesthetika-Intoxikation-LAST_2025-01-abgelaufen.pdf
2025-05-14 09:42:35,974 - INFO - Processing file: pdfs/001_044l_S1Praevention-Therapie-systemischen-Lokalanaesthetika-Intoxikation-LAST_2025-01-abgelaufen.pdf
2025-05-14 09:42:35,977 - INFO - [001_044l_S1Praevention-Therapie-systemischen-Lokalanaesthetika-Intoxikation-LAST_2025-01-abgelaufen.pdf] chunking…
2025-05-14 09:42:35,977 - INFO - [001_044l_S1Praevention-Therapie-systemischen-Lokalanaesthetika-Intoxikation-LAST_2025-01-abgelaufen.pdf] chunking…
2025-05-14 09:42:35,977 - INFO - [001_044l_S1Praevention-Therapie-systemischen-Lokalanaesthetika-Intoxikation-LAST_2025-01-abgelaufen.pdf] chunking…
2025-05-14 09:42:35,977 - INFO - [001_044l_S1Praevention-Therapie-systemischen-Lokalanaesthetika-Intoxikation-LAST_2025-01-abgelaufen.pdf] chunking…
2025-05-14 09:42:35,977 - INFO - [001_044l_S1Praevention-Therapie-systemischen-Lokalanaesthetika-Intoxikation-LAST_2025-01-abgelaufen.pdf] chunking…
2025-05-14 09:43:39,003 - INFO - [001_044l_S1Praevention-Therapie-systemischen-Lokalanaesthetika-Intoxikation-LAST_2025-01-abgelaufen.pdf] Found 41 chunks.
2025-05-14 09:43:39,003 - INFO - [001_044l_S1Praevention-Therapie-systemischen-Lokalanaesthetika-Intoxikation-LAST_2025-01-abgelaufen.pdf] Found 41 chunks.
2025-05-14 09:43:39,003 - INFO - [001_044l_S1Praevention-Therapie-systemischen-Lokalanaesthetika-Intoxikation-LAST_2025-01-abgelaufen.pdf] Found 41 chunks.
2025-05-14 09:43:39,003 - INFO - [001_044l_S1Praevention-Therapie-systemischen-Lokalanaesthetika-Intoxikation-LAST_2025-01-abgelaufen.pdf] Found 41 chunks.
2025-05-14 09:43:39,003 - INFO - [001_044l_S1Praevention-Therapie-systemischen-Lokalanaesthetika-Intoxikation-LAST_2025-01-abgelaufen.pdf] Found 41 chunks.
2025-05-14 09:52:16,424 - INFO - Processing file: pdfs/001_044l_S1Praevention-Therapie-systemischen-Lokalanaesthetika-Intoxikation-LAST_2025-01-abgelaufen.pdf
2025-05-14 09:52:16,424 - INFO - Processing file: pdfs/001_044l_S1Praevention-Therapie-systemischen-Lokalanaesthetika-Intoxikation-LAST_2025-01-abgelaufen.pdf
2025-05-14 09:52:16,424 - INFO - Processing file: pdfs/001_044l_S1Praevention-Therapie-systemischen-Lokalanaesthetika-Intoxikation-LAST_2025-01-abgelaufen.pdf
2025-05-14 09:52:16,424 - INFO - Processing file: pdfs/001_044l_S1Praevention-Therapie-systemischen-Lokalanaesthetika-Intoxikation-LAST_2025-01-abgelaufen.pdf
2025-05-14 09:52:16,424 - INFO - Processing file: pdfs/001_044l_S1Praevention-Therapie-systemischen-Lokalanaesthetika-Intoxikation-LAST_2025-01-abgelaufen.pdf
2025-05-14 09:52:16,428 - INFO - [001_044l_S1Praevention-Therapie-systemischen-Lokalanaesthetika-Intoxikation-LAST_2025-01-abgelaufen.pdf] chunking…
2025-05-14 09:52:16,428 - INFO - [001_044l_S1Praevention-Therapie-systemischen-Lokalanaesthetika-Intoxikation-LAST_2025-01-abgelaufen.pdf] chunking…
2025-05-14 09:52:16,428 - INFO - [001_044l_S1Praevention-Therapie-systemischen-Lokalanaesthetika-Intoxikation-LAST_2025-01-abgelaufen.pdf] chunking…
2025-05-14 09:52:16,428 - INFO - [001_044l_S1Praevention-Therapie-systemischen-Lokalanaesthetika-Intoxikation-LAST_2025-01-abgelaufen.pdf] chunking…
2025-05-14 09:52:16,428 - INFO - [001_044l_S1Praevention-Therapie-systemischen-Lokalanaesthetika-Intoxikation-LAST_2025-01-abgelaufen.pdf] chunking…
2025-05-14 10:00:35,561 - INFO - Processing file: pdfs/001_044l_S1Praevention-Therapie-systemischen-Lokalanaesthetika-Intoxikation-LAST_2025-01-abgelaufen.pdf
2025-05-14 10:00:35,561 - INFO - Processing file: pdfs/001_044l_S1Praevention-Therapie-systemischen-Lokalanaesthetika-Intoxikation-LAST_2025-01-abgelaufen.pdf
2025-05-14 10:00:35,561 - INFO - Processing file: pdfs/001_044l_S1Praevention-Therapie-systemischen-Lokalanaesthetika-Intoxikation-LAST_2025-01-abgelaufen.pdf
2025-05-14 10:00:35,561 - INFO - Processing file: pdfs/001_044l_S1Praevention-Therapie-systemischen-Lokalanaesthetika-Intoxikation-LAST_2025-01-abgelaufen.pdf
2025-05-14 10:00:35,561 - INFO - Processing file: pdfs/001_044l_S1Praevention-Therapie-systemischen-Lokalanaesthetika-Intoxikation-LAST_2025-01-abgelaufen.pdf
2025-05-14 10:00:35,564 - INFO - [001_044l_S1Praevention-Therapie-systemischen-Lokalanaesthetika-Intoxikation-LAST_2025-01-abgelaufen.pdf] chunking…
2025-05-14 10:00:35,564 - INFO - [001_044l_S1Praevention-Therapie-systemischen-Lokalanaesthetika-Intoxikation-LAST_2025-01-abgelaufen.pdf] chunking…
2025-05-14 10:00:35,564 - INFO - [001_044l_S1Praevention-Therapie-systemischen-Lokalanaesthetika-Intoxikation-LAST_2025-01-abgelaufen.pdf] chunking…
2025-05-14 10:00:35,564 - INFO - [001_044l_S1Praevention-Therapie-systemischen-Lokalanaesthetika-Intoxikation-LAST_2025-01-abgelaufen.pdf] chunking…
2025-05-14 10:00:35,564 - INFO - [001_044l_S1Praevention-Therapie-systemischen-Lokalanaesthetika-Intoxikation-LAST_2025-01-abgelaufen.pdf] chunking…
2025-05-14 10:01:56,619 - INFO - [001_044l_S1Praevention-Therapie-systemischen-Lokalanaesthetika-Intoxikation-LAST_2025-01-abgelaufen.pdf] Found 41 chunks.
2025-05-14 10:01:56,619 - INFO - [001_044l_S1Praevention-Therapie-systemischen-Lokalanaesthetika-Intoxikation-LAST_2025-01-abgelaufen.pdf] Found 41 chunks.
2025-05-14 10:01:56,619 - INFO - [001_044l_S1Praevention-Therapie-systemischen-Lokalanaesthetika-Intoxikation-LAST_2025-01-abgelaufen.pdf] Found 41 chunks.
2025-05-14 10:01:56,619 - INFO - [001_044l_S1Praevention-Therapie-systemischen-Lokalanaesthetika-Intoxikation-LAST_2025-01-abgelaufen.pdf] Found 41 chunks.
2025-05-14 10:01:56,619 - INFO - [001_044l_S1Praevention-Therapie-systemischen-Lokalanaesthetika-Intoxikation-LAST_2025-01-abgelaufen.pdf] Found 41 chunks.
